0 info it worked if it ends with ok
1 verbose cli [ 'C:\\Program Files\\nodejs\\\\node.exe',
1 verbose cli   'C:\\Program Files\\nodejs\\node_modules\\npm\\bin\\npm-cli.js',
1 verbose cli   'install',
1 verbose cli   'connect-coffee-script' ]
2 info using npm@1.1.69
3 info using node@v0.8.16
4 verbose node symlink C:\Program Files\nodejs\\node.exe
5 verbose read json C:\GitHub\WordAlaignment\package.json
6 error TypeError: Cannot call method 'replace' of undefined
6 error     at C:\Program Files\nodejs\node_modules\npm\node_modules\read-package-json\read-json.js:332:45
6 error     at fs.js:117:20
6 error     at C:\Program Files\nodejs\node_modules\npm\node_modules\graceful-fs\graceful-fs.js:53:5
6 error     at C:\Program Files\nodejs\node_modules\npm\node_modules\graceful-fs\graceful-fs.js:62:5
6 error     at Object.oncomplete (fs.js:297:15)
7 error If you need help, you may report this log at:
7 error     <http://github.com/isaacs/npm/issues>
7 error or email it to:
7 error     <npm-@googlegroups.com>
8 error System Windows_NT 6.2.9200
9 error command "C:\\Program Files\\nodejs\\\\node.exe" "C:\\Program Files\\nodejs\\node_modules\\npm\\bin\\npm-cli.js" "install" "connect-coffee-script"
10 error cwd C:\GitHub\WordAlaignment
11 error node -v v0.8.16
12 error npm -v 1.1.69
13 error type non_object_property_call
14 verbose exit [ 1, true ]
